?? ?⑤씪?명닾???щ·留??쒖옉...
?⑤씪?명닾???щ·留??쒖옉...
[BROWSER] document.domain mutation is ignored because the surrounding agent cluster is origin-keyed.
[BROWSER] document.domain mutation is ignored because the surrounding agent cluster is origin-keyed.
[BROWSER] Attestation check for Attribution Reporting on https://www.facebook.com failed.

=== ?꾩떆??(AS) ?щ·留?===
[BROWSER] document.domain mutation is ignored because the surrounding agent cluster is origin-keyed.
[BROWSER] document.domain mutation is ignored because the surrounding agent cluster is origin-keyed.
[BROWSER] Attestation check for Attribution Reporting on https://www.facebook.com failed.
諛쒓껄???꾩떆: 10媛?- ?섑듃?? ?ㅻ궘, 留덉뭅?? 諛쒕━, 諛⑹퐬, ?몃?, ??대쿋?? ?멸씀?? ?몄폆, ?띿쉘
  - ?섑듃??(CXR) 寃??以?..
[BROWSER] document.domain mutation is ignored because the surrounding agent cluster is origin-keyed.
[BROWSER] document.domain mutation is ignored because the surrounding agent cluster is origin-keyed.
[BROWSER] Attestation check for Attribution Reporting on https://www.facebook.com failed.
    異쒕컻怨듯빆: ?몄쿇 (ICN)
    ?섑듃?? 5嫄??섏쭛
  - ?ㅻ궘 (DAD) 寃??以?..
[BROWSER] document.domain mutation is ignored because the surrounding agent cluster is origin-keyed.
[BROWSER] document.domain mutation is ignored because the surrounding agent cluster is origin-keyed.
[BROWSER] Attestation check for Attribution Reporting on https://www.facebook.com failed.
    異쒕컻怨듯빆: ?몄쿇 (ICN)
    ?ㅻ궘: 6嫄??섏쭛
  - 留덉뭅??(MFM) 寃??以?..
[BROWSER] document.domain mutation is ignored because the surrounding agent cluster is origin-keyed.
[BROWSER] document.domain mutation is ignored because the surrounding agent cluster is origin-keyed.
[BROWSER] Attestation check for Attribution Reporting on https://www.facebook.com failed.
    異쒕컻怨듯빆: ?몄쿇 (ICN)
    留덉뭅?? 4嫄??섏쭛
  - 諛쒕━ (DPS) 寃??以?..
[BROWSER] document.domain mutation is ignored because the surrounding agent cluster is origin-keyed.
[BROWSER] document.domain mutation is ignored because the surrounding agent cluster is origin-keyed.
[BROWSER] Attestation check for Attribution Reporting on https://www.facebook.com failed.
    異쒕컻怨듯빆: 遺??(PUS)
    諛쒕━: 10嫄??섏쭛
  - 諛⑹퐬 (BKK) 寃??以?..
[BROWSER] document.domain mutation is ignored because the surrounding agent cluster is origin-keyed.
[BROWSER] document.domain mutation is ignored because the surrounding agent cluster is origin-keyed.
[BROWSER] Attestation check for Attribution Reporting on https://www.facebook.com failed.
    異쒕컻怨듯빆: ?몄쿇 (ICN)
    諛⑹퐬: 7嫄??섏쭛
  - ?몃? (CEB) 寃??以?..
[BROWSER] document.domain mutation is ignored because the surrounding agent cluster is origin-keyed.
[BROWSER] document.domain mutation is ignored because the surrounding agent cluster is origin-keyed.
[BROWSER] Attestation check for Attribution Reporting on https://www.facebook.com failed.
    異쒕컻怨듯빆: ?몄쿇 (ICN)
    ?몃?: 17嫄??섏쭛
  - ??대쿋??(TPE) 寃??以?..
[BROWSER] document.domain mutation is ignored because the surrounding agent cluster is origin-keyed.
[BROWSER] document.domain mutation is ignored because the surrounding agent cluster is origin-keyed.
[BROWSER] Attestation check for Attribution Reporting on https://www.facebook.com failed.
    異쒕컻怨듯빆: ?몄쿇 (ICN)
    ??대쿋?? 4嫄??섏쭛
  - ?멸씀??(PQC) 寃??以?..
[BROWSER] document.domain mutation is ignored because the surrounding agent cluster is origin-keyed.
[BROWSER] document.domain mutation is ignored because the surrounding agent cluster is origin-keyed.
[BROWSER] Attestation check for Attribution Reporting on https://www.facebook.com failed.
    異쒕컻怨듯빆: ?몄쿇 (ICN)
    ?멸씀?? 13嫄??섏쭛
  - ?몄폆 (HKT) 寃??以?..
[BROWSER] document.domain mutation is ignored because the surrounding agent cluster is origin-keyed.
[BROWSER] document.domain mutation is ignored because the surrounding agent cluster is origin-keyed.
[BROWSER] Attestation check for Attribution Reporting on https://www.facebook.com failed.
    異쒕컻怨듯빆: ?몄쿇 (ICN)
    ?몄폆: 9嫄??섏쭛
  - ?띿쉘 (HKG) 寃??以?..
[BROWSER] document.domain mutation is ignored because the surrounding agent cluster is origin-keyed.
[BROWSER] document.domain mutation is ignored because the surrounding agent cluster is origin-keyed.
[BROWSER] Attestation check for Attribution Reporting on https://www.facebook.com failed.
    異쒕컻怨듯빆: ?몄쿇 (ICN)
    ?띿쉘: 3嫄??섏쭛

=== ?쇰낯 (JA) ?щ·留?===
[BROWSER] document.domain mutation is ignored because the surrounding agent cluster is origin-keyed.
[BROWSER] document.domain mutation is ignored because the surrounding agent cluster is origin-keyed.
[BROWSER] Attestation check for Attribution Reporting on https://www.facebook.com failed.
諛쒓껄???꾩떆: 6媛?- ?꾩퓙(?섎━?), ?꾩퓙(?섎꽕??, ?ㅼ궗移?媛꾩궗??, ?ㅽ궎?섏?, 移섑넗?? ?꾩퓼?ㅼ뭅
  - ?꾩퓙(?섎━?) (NRT) 寃??以?..
[BROWSER] document.domain mutation is ignored because the surrounding agent cluster is origin-keyed.
[BROWSER] document.domain mutation is ignored because the surrounding agent cluster is origin-keyed.
[BROWSER] Attestation check for Attribution Reporting on https://www.facebook.com failed.
    異쒕컻怨듯빆: ?몄쿇 (ICN)
    ?꾩퓙(?섎━?): 20嫄??섏쭛
  - ?꾩퓙(?섎꽕?? (HND) 寃??以?..
[BROWSER] document.domain mutation is ignored because the surrounding agent cluster is origin-keyed.
[BROWSER] document.domain mutation is ignored because the surrounding agent cluster is origin-keyed.
[BROWSER] Attestation check for Attribution Reporting on https://www.facebook.com failed.
    異쒕컻怨듯빆: 源??(GMP)
    ?꾩퓙(?섎꽕??: 7嫄??섏쭛
  - ?ㅼ궗移?媛꾩궗?? (KIX) 寃??以?..
[BROWSER] document.domain mutation is ignored because the surrounding agent cluster is origin-keyed.
[BROWSER] document.domain mutation is ignored because the surrounding agent cluster is origin-keyed.
[BROWSER] Attestation check for Attribution Reporting on https://www.facebook.com failed.
    異쒕컻怨듯빆: ?몄쿇 (ICN)
    ?ㅼ궗移?媛꾩궗??: 20嫄??섏쭛
  - ?ㅽ궎?섏? (OKA) 寃??以?..
[BROWSER] document.domain mutation is ignored because the surrounding agent cluster is origin-keyed.
[BROWSER] document.domain mutation is ignored because the surrounding agent cluster is origin-keyed.
[BROWSER] Attestation check for Attribution Reporting on https://www.facebook.com failed.
    異쒕컻怨듯빆: ?몄쿇 (ICN)
    ?ㅽ궎?섏?: 3嫄??섏쭛
  - 移섑넗??(CTS) 寃??以?..
[BROWSER] document.domain mutation is ignored because the surrounding agent cluster is origin-keyed.
[BROWSER] document.domain mutation is ignored because the surrounding agent cluster is origin-keyed.
[BROWSER] Attestation check for Attribution Reporting on https://www.facebook.com failed.
    異쒕컻怨듯빆: 遺??(PUS)
    移섑넗?? 20嫄??섏쭛
  - ?꾩퓼?ㅼ뭅 (FUK) 寃??以?..
[BROWSER] document.domain mutation is ignored because the surrounding agent cluster is origin-keyed.
[BROWSER] document.domain mutation is ignored because the surrounding agent cluster is origin-keyed.
[BROWSER] Attestation check for Attribution Reporting on https://www.facebook.com failed.
    異쒕컻怨듯빆: ?몄쿇 (ICN)
    ?꾩퓼?ㅼ뭅: 20嫄??섏쭛

=== 以묎뎅 (CH) ?щ·留?===
[BROWSER] document.domain mutation is ignored because the surrounding agent cluster is origin-keyed.
[BROWSER] document.domain mutation is ignored because the surrounding agent cluster is origin-keyed.
[BROWSER] Attestation check for Attribution Reporting on https://www.facebook.com failed.
  以묎뎅: ?꾩떆 紐⑸줉 濡쒕뱶 ?ㅽ뙣

=== ?좊읇 (EU) ?щ·留?===
[BROWSER] document.domain mutation is ignored because the surrounding agent cluster is origin-keyed.
[BROWSER] document.domain mutation is ignored because the surrounding agent cluster is origin-keyed.
[BROWSER] Attestation check for Attribution Reporting on https://www.facebook.com failed.
諛쒓껄???꾩떆: 1媛?- 濡쒕쭏
  - 濡쒕쭏 (ROM) 寃??以?..
[BROWSER] document.domain mutation is ignored because the surrounding agent cluster is origin-keyed.
[BROWSER] document.domain mutation is ignored because the surrounding agent cluster is origin-keyed.
[BROWSER] Attestation check for Attribution Reporting on https://www.facebook.com failed.
    異쒕컻怨듯빆: ?몄쿇 (ICN)
    濡쒕쭏: 2嫄??섏쭛

=== ?⑦깭?됱뼇 (HN) ?щ·留?===
[BROWSER] document.domain mutation is ignored because the surrounding agent cluster is origin-keyed.
[BROWSER] document.domain mutation is ignored because the surrounding agent cluster is origin-keyed.
[BROWSER] Attestation check for Attribution Reporting on https://www.facebook.com failed.
  ?⑦깭?됱뼇: ?꾩떆 紐⑸줉 濡쒕뱶 ?ㅽ뙣

=== 誘몄＜ (US) ?щ·留?===
[BROWSER] document.domain mutation is ignored because the surrounding agent cluster is origin-keyed.
[BROWSER] document.domain mutation is ignored because the surrounding agent cluster is origin-keyed.
[BROWSER] Attestation check for Attribution Reporting on https://www.facebook.com failed.
  誘몄＜: ?꾩떆 紐⑸줉 濡쒕뱶 ?ㅽ뙣

=== 愿??ъ씠??(GS) ?щ·留?===
[BROWSER] document.domain mutation is ignored because the surrounding agent cluster is origin-keyed.
[BROWSER] document.domain mutation is ignored because the surrounding agent cluster is origin-keyed.
[BROWSER] Attestation check for Attribution Reporting on https://www.facebook.com failed.
  愿??ъ씠?? ?꾩떆 紐⑸줉 濡쒕뱶 ?ㅽ뙣
?⑤씪?명닾???꾨즺: 珥?170嫄????щ·留??꾨즺!
?뱤 ?섏쭛????났沅? 170媛??뮶 ????꾩튂: C:\Users\ynal\Dropbox\Projects\Personal Projects\Anti_gravity\260207_Test\data\onlinetour-cache.json
